<?xml version="1.0" encoding="UTF-8"?>
<!-- Generated by org.testng.reporters.JUnitReportReporter -->
<testsuite hostname="Anwayas-MacBook-Pro.local" failures="0" tests="2" name="phpAgent.TC_005_ChangeUSDtoINR" time="18.710" errors="0" timestamp="2023-08-10T14:59:01 IST" skipped="0">
  <testcase classname="phpAgent.TC_005_ChangeUSDtoINR" name="login" time="9.527"/>
  <system-out/>
  <testcase classname="phpAgent.TC_005_ChangeUSDtoINR" name="changeUSDtoINR" time="9.183"/>
  <system-out/>
</testsuite> <!-- phpAgent.TC_005_ChangeUSDtoINR -->
