<?xml version="1.0" encoding="UTF-8"?>
<!-- Generated by org.testng.reporters.JUnitReportReporter -->
<testsuite hostname="Anwayas-MacBook-Pro.local" failures="0" tests="3" name="phpCustomer.TC_004_UpdateAddressDatadriven" time="32.405" errors="0" timestamp="2023-08-11T08:20:35 IST" skipped="0">
  <testcase classname="phpCustomer.TC_004_UpdateAddressDatadriven" name="login" time="12.660"/>
  <system-out/>
  <testcase classname="phpCustomer.TC_004_UpdateAddressDatadriven" name="TestMyProfileLink" time="9.624"/>
  <system-out/>
  <testcase classname="phpCustomer.TC_004_UpdateAddressDatadriven" name="updateAddress" time="10.121"/>
  <system-out/>
</testsuite> <!-- phpCustomer.TC_004_UpdateAddressDatadriven -->
