<?xml version="1.0" encoding="UTF-8"?>
<!-- Generated by org.testng.reporters.JUnitReportReporter -->
<testsuite hostname="Anwayas-MacBook-Pro.local" failures="0" tests="1" name="phpAgent.TC_002_TestlinksMybookings_MyProfile_Logout" time="42.533" errors="0" timestamp="2023-08-10T14:59:01 IST" skipped="0">
  <testcase classname="phpAgent.TC_002_TestlinksMybookings_MyProfile_Logout" name="login" time="42.533"/>
  <system-out/>
</testsuite> <!-- phpAgent.TC_002_TestlinksMybookings_MyProfile_Logout -->
