<?xml version="1.0" encoding="UTF-8"?>
<!-- Generated by org.testng.reporters.JUnitReportReporter -->
<testsuite hostname="Anwayas-MacBook-Pro.local" failures="0" tests="6" name="phpAgent.TC_003_TestLinks_Hotels_Flights_Trours_Blog_Visa_Offers" time="72.602" errors="0" timestamp="2023-08-10T14:59:01 IST" skipped="0">
  <testcase classname="phpAgent.TC_003_TestLinks_Hotels_Flights_Trours_Blog_Visa_Offers" name="login" time="12.935"/>
  <system-out/>
  <testcase classname="phpAgent.TC_003_TestLinks_Hotels_Flights_Trours_Blog_Visa_Offers" name="TestHotelsLink" time="9.248"/>
  <system-out/>
  <testcase classname="phpAgent.TC_003_TestLinks_Hotels_Flights_Trours_Blog_Visa_Offers" name="TestFlightLink" time="12.836"/>
  <system-out/>
  <testcase classname="phpAgent.TC_003_TestLinks_Hotels_Flights_Trours_Blog_Visa_Offers" name="TestToursLink" time="11.384"/>
  <system-out/>
  <testcase classname="phpAgent.TC_003_TestLinks_Hotels_Flights_Trours_Blog_Visa_Offers" name="TestCarsLink" time="11.755"/>
  <system-out/>
  <testcase classname="phpAgent.TC_003_TestLinks_Hotels_Flights_Trours_Blog_Visa_Offers" name="TestBlogsLink" time="14.444"/>
  <system-out/>
</testsuite> <!-- phpAgent.TC_003_TestLinks_Hotels_Flights_Trours_Blog_Visa_Offers -->
