<?xml version="1.0" encoding="UTF-8"?>
<!-- Generated by org.testng.reporters.JUnitReportReporter -->
<testsuite hostname="Anwayas-MacBook-Pro.local" failures="0" tests="3" name="phpCustomer.TC_003_CheckbookingnadDislayVoucher" time="27.055" errors="0" timestamp="2023-08-11T08:20:35 IST" skipped="0">
  <testcase classname="phpCustomer.TC_003_CheckbookingnadDislayVoucher" name="login" time="13.075"/>
  <system-out/>
  <testcase classname="phpCustomer.TC_003_CheckbookingnadDislayVoucher" name="TestMyBookingsLink" time="7.668"/>
  <system-out/>
  <testcase classname="phpCustomer.TC_003_CheckbookingnadDislayVoucher" name="displayBookingInvoice" time="6.312"/>
  <system-out/>
</testsuite> <!-- phpCustomer.TC_003_CheckbookingnadDislayVoucher -->
