<?xml version="1.0" encoding="UTF-8"?>
<!-- Generated by org.testng.reporters.JUnitReportReporter -->
<testsuite hostname="Anwayas-MacBook-Pro.local" failures="0" tests="4" name="phpCustomer.TC_002_TestlinksMybookings_MyProfile_Logout" time="39.576" errors="0" timestamp="2023-08-11T08:20:35 IST" skipped="0">
  <testcase classname="phpCustomer.TC_002_TestlinksMybookings_MyProfile_Logout" name="login" time="12.850"/>
  <system-out/>
  <testcase classname="phpCustomer.TC_002_TestlinksMybookings_MyProfile_Logout" name="TestMyBookingsLink" time="7.696"/>
  <system-out/>
  <testcase classname="phpCustomer.TC_002_TestlinksMybookings_MyProfile_Logout" name="TestMyProfileLink" time="6.445"/>
  <system-out/>
  <testcase classname="phpCustomer.TC_002_TestlinksMybookings_MyProfile_Logout" name="TestLogoutLink" time="12.585"/>
  <system-out/>
</testsuite> <!-- phpCustomer.TC_002_TestlinksMybookings_MyProfile_Logout -->
