<?xml version="1.0" encoding="UTF-8"?>
<!-- Generated by org.testng.reporters.JUnitReportReporter -->
<testsuite hostname="Anwayas-MacBook-Pro.local" failures="0" tests="3" name="phpAgent.TC_004_SearchHotelsByCity" time="42.955" errors="0" timestamp="2023-08-10T14:59:01 IST" skipped="0">
  <testcase classname="phpAgent.TC_004_SearchHotelsByCity" name="login" time="10.703"/>
  <system-out/>
  <testcase classname="phpAgent.TC_004_SearchHotelsByCity" name="ClickHotelsLink" time="9.426"/>
  <system-out/>
  <testcase classname="phpAgent.TC_004_SearchHotelsByCity" name="SearchHotel" time="22.826"/>
  <system-out/>
</testsuite> <!-- phpAgent.TC_004_SearchHotelsByCity -->
